
> whatsawesome@0.1.0 build-storybook /Users/joe/Projects/whatsawesome-022424
> storybook build "--output-dir" "/var/folders/yf/0rkfbf6x3vv60wnymgdznxv40000gn/T/chromatic--69570-59mlrmd7CapR"

@storybook/cli v8.0.9

info => Cleaning outputDir: ../../../../var/folders/yf/0rkfbf6x3vv60wnymgdznxv40000gn/T/chromatic--69570-59mlrmd7CapR
info => Loading presets
info => Building manager..
info => Manager built (89 ms)
info => Building preview..
WARN No story files found for the specified pattern: src/app/**/*.mdx
WARN No story files found for the specified pattern: src/app/**/*.stories.@(js|jsx|mjs|ts|tsx)
info => Copying static files: public at ../../../../var/folders/yf/0rkfbf6x3vv60wnymgdznxv40000gn/T/chromatic--69570-59mlrmd7CapR
info => Using implicit CSS loaders
info => Using SWC as compiler
info => Using default Webpack5 setup
WARN asset size limit: The following asset(s) exceed the recommended size limit (244 KiB).
WARN This can impact web performance.
WARN Assets: 
WARN   914.813aaab8.iframe.bundle.js (5.32 MiB)
WARN   661.e41eff82.iframe.bundle.js (445 KiB)
WARN entrypoint size limit: The following entrypoint(s) combined asset size exceeds the recommended limit (244 KiB). This can impact web performance.
WARN Entrypoints:
WARN   main (5.41 MiB)
WARN       runtime~main.c592d8f5.iframe.bundle.js
WARN       914.813aaab8.iframe.bundle.js
WARN       main.d6bf6fca.iframe.bundle.js
WARN 
info => Preview built (4.87 s)
info => Output directory: /var/folders/yf/0rkfbf6x3vv60wnymgdznxv40000gn/T/chromatic--69570-59mlrmd7CapR
